<?xml version="1.0" encoding="UTF-8"?>
<testsuite name="HelloWorldTest" tests="3" skipped="0" failures="0" errors="0" timestamp="2017-01-21T14:21:00" hostname="enogrob-MacBookPro.local" time="0.006">
  <properties/>
  <testcase name="helloSampleName" classname="HelloWorldTest" time="0.003"/>
  <testcase name="helloNoName" classname="HelloWorldTest" time="0.001"/>
  <testcase name="helloAnotherSampleName" classname="HelloWorldTest" time="0.001"/>
  <system-out><![CDATA[]]></system-out>
  <system-err><![CDATA[]]></system-err>
</testsuite>
